-------------------------------------------------------------------------------
Test set: com.niit.ecomm.test.CategoryDAOTest
-------------------------------------------------------------------------------
Tests run: 1, Failures: 0, Errors: 1, Skipped: 0, Time elapsed: 2.73 s <<< FAILURE! - in com.niit.ecomm.test.CategoryDAOTest
com.niit.ecomm.test.CategoryDAOTest  Time elapsed: 2.729 s  <<< ERROR!
org.springframework.beans.factory.UnsatisfiedDependencyException: Error creating bean with name 'categoryDAO': Unsatisfied dependency expressed through field 'sessionFactory'; nested exception is org.springframework.beans.factory.NoSuchBeanDefinitionException: No qualifying bean of type 'org.hibernate.SessionFactory' available: expected at least 1 bean which qualifies as autowire candidate. Dependency annotations: {@org.springframework.beans.factory.annotation.Autowired(required=true)}
	at com.niit.ecomm.test.CategoryDAOTest.initialize(CategoryDAOTest.java:21)
Caused by: org.springframework.beans.factory.NoSuchBeanDefinitionException: No qualifying bean of type 'org.hibernate.SessionFactory' available: expected at least 1 bean which qualifies as autowire candidate. Dependency annotations: {@org.springframework.beans.factory.annotation.Autowired(required=true)}
	at com.niit.ecomm.test.CategoryDAOTest.initialize(CategoryDAOTest.java:21)

